{
  "stats": {
    "suites": 1,
    "tests": 2,
    "passes": 2,
    "pending": 0,
    "failures": 0,
    "start": "2021-01-06T01:53:05.171Z",
    "end": "2021-01-06T01:53:15.657Z",
    "duration": 10486,
    "testsRegistered": 2,
    "passPercent": 100,
    "pendingPercent": 0,
    "other": 0,
    "hasOther": false,
    "skipped": 0,
    "hasSkipped": false
  },
  "results": [
    {
      "uuid": "4017b87d-6686-4926-8f25-f8ad71e4d801",
      "title": "",
      "fullFile": "cypress/tests/helpers/promises.spec.js",
      "file": "cypress/tests/helpers/promises.spec.js",
      "beforeHooks": [],
      "afterHooks": [],
      "tests": [],
      "suites": [
        {
          "uuid": "08be0d12-1112-4e48-bab5-fe5b1a0492ad",
          "title": "Promises",
          "fullFile": "",
          "file": "",
          "beforeHooks": [],
          "afterHooks": [],
          "tests": [
            {
              "title": "Promise sem wrap",
              "fullTitle": "Promises Promise sem wrap",
              "timedOut": null,
              "duration": 2768,
              "state": "passed",
              "speed": "slow",
              "pass": true,
              "fail": false,
              "pending": false,
              "context": null,
              "code": "cy.visit('www.google.com');\ncy.get(btnPesquisaGoogle).then(function () {\n  return console.log('CT001: Primeiro');\n}); // simula uma query a um banco de dados que leva um certo tempo para ser processada.\ndb.cleanDB().then(function (res) {\n  return console.log('CT001: Resultado da promise SEM wrap: ', res);\n});\ncy.get(btnPesquisaGoogle).then(function () {\n  return console.log('CT001: Segundo\\n\\n');\n});",
              "err": {},
              "uuid": "fe082209-5c40-41fe-b85b-e987db21045f",
              "parentUUID": "08be0d12-1112-4e48-bab5-fe5b1a0492ad",
              "isHook": false,
              "skipped": false
            },
            {
              "title": "Promise com wrap",
              "fullTitle": "Promises Promise com wrap",
              "timedOut": null,
              "duration": 5249,
              "state": "passed",
              "speed": "slow",
              "pass": true,
              "fail": false,
              "pending": false,
              "context": null,
              "code": "cy.visit('www.google.com');\ncy.get(btnPesquisaGoogle).then(function () {\n  return console.log('CT002: Primeiro');\n}); // simula uma query a um banco de dados que leva um certo tempo para ser processada.\ncy.wrap(db.cleanDB()).then(function (res) {\n  return console.log('CT002: Resultado da promise COM wrap: ', res);\n});\ncy.get(btnPesquisaGoogle).then(function () {\n  return console.log('CT002: Segundo');\n});",
              "err": {},
              "uuid": "98941a4b-1fcc-4372-8d95-db51d1bbc9c8",
              "parentUUID": "08be0d12-1112-4e48-bab5-fe5b1a0492ad",
              "isHook": false,
              "skipped": false
            }
          ],
          "suites": [],
          "passes": [
            "fe082209-5c40-41fe-b85b-e987db21045f",
            "98941a4b-1fcc-4372-8d95-db51d1bbc9c8"
          ],
          "failures": [],
          "pending": [],
          "skipped": [],
          "duration": 8017,
          "root": false,
          "rootEmpty": false,
          "_timeout": 2000
        }
      ],
      "passes": [],
      "failures": [],
      "pending": [],
      "skipped": [],
      "duration": 0,
      "root": true,
      "rootEmpty": true,
      "_timeout": 2000
    }
  ],
  "meta": {
    "mocha": {
      "version": "7.0.1"
    },
    "mochawesome": {
      "options": {
        "quiet": false,
        "reportFilename": "mochawesome",
        "saveHtml": false,
        "saveJson": true,
        "consoleReporter": "spec",
        "useInlineDiffs": false,
        "code": true
      },
      "version": "6.2.1"
    },
    "marge": {
      "options": {
        "id": "default",
        "reportDir": "cypress/reports/mocha",
        "quite": true,
        "overwrite": false,
        "html": false,
        "json": true
      },
      "version": "5.1.0"
    }
  }
}