{
  "stats": {
    "suites": 1,
    "tests": 2,
    "passes": 2,
    "pending": 0,
    "failures": 0,
    "start": "2021-01-06T01:53:34.746Z",
    "end": "2021-01-06T01:53:40.553Z",
    "duration": 5807,
    "testsRegistered": 2,
    "passPercent": 100,
    "pendingPercent": 0,
    "other": 0,
    "hasOther": false,
    "skipped": 0,
    "hasSkipped": false
  },
  "results": [
    {
      "uuid": "e7755821-e8bc-489f-91f4-38beeda457ea",
      "title": "",
      "fullFile": "cypress/tests/sign in/login.spec.js",
      "file": "cypress/tests/sign in/login.spec.js",
      "beforeHooks": [],
      "afterHooks": [],
      "tests": [],
      "suites": [
        {
          "uuid": "f0e5fd88-e607-4efe-bdb4-0f90bd065e46",
          "title": "Sign in",
          "fullFile": "",
          "file": "",
          "beforeHooks": [],
          "afterHooks": [],
          "tests": [
            {
              "title": "login successfully",
              "fullTitle": "Sign in login successfully",
              "timedOut": null,
              "duration": 3020,
              "state": "passed",
              "speed": "slow",
              "pass": true,
              "fail": false,
              "pending": false,
              "context": null,
              "code": "cy.gui_login(Cypress.env('username'), Cypress.env('password'));\ncy.url().should('to.be.equal', Cypress.config().baseUrl.concat('/'));",
              "err": {},
              "uuid": "c98fbb5b-74c3-4833-8f0a-4d77d5070319",
              "parentUUID": "f0e5fd88-e607-4efe-bdb4-0f90bd065e46",
              "isHook": false,
              "skipped": false
            },
            {
              "title": "invalid credentials",
              "fullTitle": "Sign in invalid credentials",
              "timedOut": null,
              "duration": 1841,
              "state": "passed",
              "speed": "slow",
              "pass": true,
              "fail": false,
              "pending": false,
              "context": null,
              "code": "cy.gui_login(Cypress.env('username'), faker.internet.password(8));\ncy.gui_verificar_mensagem(_locators[\"default\"].LOGIN.DIV_ERROR_MSG, _mensagens[\"default\"].LOGIN.INCORRECT_USERNAME_AND_PASSWORD);",
              "err": {},
              "uuid": "3e6a4d97-e0c2-486c-84d6-e65dc9131f65",
              "parentUUID": "f0e5fd88-e607-4efe-bdb4-0f90bd065e46",
              "isHook": false,
              "skipped": false
            }
          ],
          "suites": [],
          "passes": [
            "c98fbb5b-74c3-4833-8f0a-4d77d5070319",
            "3e6a4d97-e0c2-486c-84d6-e65dc9131f65"
          ],
          "failures": [],
          "pending": [],
          "skipped": [],
          "duration": 4861,
          "root": false,
          "rootEmpty": false,
          "_timeout": 2000
        }
      ],
      "passes": [],
      "failures": [],
      "pending": [],
      "skipped": [],
      "duration": 0,
      "root": true,
      "rootEmpty": true,
      "_timeout": 2000
    }
  ],
  "meta": {
    "mocha": {
      "version": "7.0.1"
    },
    "mochawesome": {
      "options": {
        "quiet": false,
        "reportFilename": "mochawesome",
        "saveHtml": false,
        "saveJson": true,
        "consoleReporter": "spec",
        "useInlineDiffs": false,
        "code": true
      },
      "version": "6.2.1"
    },
    "marge": {
      "options": {
        "id": "default",
        "reportDir": "cypress/reports/mocha",
        "quite": true,
        "overwrite": false,
        "html": false,
        "json": true
      },
      "version": "5.1.0"
    }
  }
}