{
  "stats": {
    "suites": 1,
    "tests": 2,
    "passes": 2,
    "pending": 0,
    "failures": 0,
    "start": "2021-01-10T15:21:28.798Z",
    "end": "2021-01-10T15:21:48.529Z",
    "duration": 19731,
    "testsRegistered": 2,
    "passPercent": 100,
    "pendingPercent": 0,
    "other": 0,
    "hasOther": false,
    "skipped": 0,
    "hasSkipped": false
  },
  "results": [
    {
      "uuid": "b04d8b5b-5e31-4a33-9abe-11a18399b301",
      "title": "",
      "fullFile": "cypress\\tests\\repositories\\repository.spec.js",
      "file": "cypress\\tests\\repositories\\repository.spec.js",
      "beforeHooks": [],
      "afterHooks": [],
      "tests": [],
      "suites": [
        {
          "uuid": "0c6d8395-61ce-434f-b910-80cf171da168",
          "title": "Repositories",
          "fullFile": "",
          "file": "",
          "beforeHooks": [],
          "afterHooks": [],
          "tests": [
            {
              "title": "create a new repository",
              "fullTitle": "Repositories create a new repository",
              "timedOut": null,
              "duration": 9000,
              "state": "passed",
              "speed": "slow",
              "pass": true,
              "fail": false,
              "pending": false,
              "context": null,
              "code": "var fakerRepositoryName = faker.name.jobTitle();\ncy.gui_clicar(_locators[\"default\"].ASIDE_BAR.BTN_NEW_REPOSITORY);\ncy.gui_preencher_campo(_locators[\"default\"].FORM_NEW_REPOSITORY.IPT_REPOSITORY_NAME, fakerRepositoryName);\ncy.gui_preencher_campo(_locators[\"default\"].FORM_NEW_REPOSITORY.IPT_DESCRIPTION, faker.lorem.sentence(4));\ncy.gui_clicar(_locators[\"default\"].FORM_NEW_REPOSITORY.BTN_CREATE_REPOSITORY);\nvar newUrl = Cypress.config().baseUrl.concat('/').concat(Cypress.env('username')).concat('/').concat(fakerRepositoryName.split(' ').join('-'));\ncy.url().should('to.be.equal', newUrl);",
              "err": {},
              "uuid": "19434d5a-fc98-41ad-9cbf-76144beadc53",
              "parentUUID": "0c6d8395-61ce-434f-b910-80cf171da168",
              "isHook": false,
              "skipped": false
            },
            {
              "title": "create an issue",
              "fullTitle": "Repositories create an issue",
              "timedOut": null,
              "duration": 10519,
              "state": "passed",
              "speed": "slow",
              "pass": true,
              "fail": false,
              "pending": false,
              "context": null,
              "code": "cy.visit(\"/\".concat(Cypress.env('username'), \"?tab=repositories\"));\nvar issueTitle = faker.name.title();\ncy.gui_clicar(_locators[\"default\"].REPOSITORY_LIST.FIRST_REPOSITORY_FOUNDED);\ncy.gui_clicar(_locators[\"default\"].NAV_BAR.FN_FIND_LI_BY_DESCRIPTION('Issues'));\ncy.gui_clicar(_locators[\"default\"].ISSUES.BTN_NEW_ISSUE);\ncy.gui_preencher_campo('#issue_title', issueTitle);\ncy.gui_preencher_campo('#issue_body', faker.lorem.sentence(5));\ncy.gui_clicar(_locators[\"default\"].ISSUES.BTN_SUBMIT_ISSUE);\ncy.gui_verificar_mensagem(_locators[\"default\"].ISSUES.H1_TITLE, issueTitle);",
              "err": {},
              "uuid": "e97b4337-1c31-4695-9688-bf85b31b9874",
              "parentUUID": "0c6d8395-61ce-434f-b910-80cf171da168",
              "isHook": false,
              "skipped": false
            }
          ],
          "suites": [],
          "passes": [
            "19434d5a-fc98-41ad-9cbf-76144beadc53",
            "e97b4337-1c31-4695-9688-bf85b31b9874"
          ],
          "failures": [],
          "pending": [],
          "skipped": [],
          "duration": 19519,
          "root": false,
          "rootEmpty": false,
          "_timeout": 2000
        }
      ],
      "passes": [],
      "failures": [],
      "pending": [],
      "skipped": [],
      "duration": 0,
      "root": true,
      "rootEmpty": true,
      "_timeout": 2000
    }
  ],
  "meta": {
    "mocha": {
      "version": "7.0.1"
    },
    "mochawesome": {
      "options": {
        "quiet": false,
        "reportFilename": "mochawesome",
        "saveHtml": false,
        "saveJson": true,
        "consoleReporter": "spec",
        "useInlineDiffs": false,
        "code": true
      },
      "version": "6.2.1"
    },
    "marge": {
      "options": {
        "id": "default",
        "reportDir": "cypress/reports/mocha",
        "quite": true,
        "overwrite": false,
        "html": false,
        "json": true
      },
      "version": "5.1.0"
    }
  }
}