{
  "stats": {
    "suites": 1,
    "tests": 1,
    "passes": 1,
    "pending": 0,
    "failures": 0,
    "start": "2021-01-10T15:21:10.893Z",
    "end": "2021-01-10T15:21:11.090Z",
    "duration": 197,
    "testsRegistered": 1,
    "passPercent": 100,
    "pendingPercent": 0,
    "other": 0,
    "hasOther": false,
    "skipped": 0,
    "hasSkipped": false
  },
  "results": [
    {
      "uuid": "a41d1cd1-d27b-459e-882e-148bb861d64f",
      "title": "",
      "fullFile": "cypress\\tests\\helpers\\database-access.spec.js",
      "file": "cypress\\tests\\helpers\\database-access.spec.js",
      "beforeHooks": [],
      "afterHooks": [],
      "tests": [],
      "suites": [
        {
          "uuid": "4330f8ea-7e41-40a5-a67d-fc3f271b0670",
          "title": "Database Acess",
          "fullFile": "",
          "file": "",
          "beforeHooks": [],
          "afterHooks": [],
          "tests": [
            {
              "title": "Getting table data from a Mysql database",
              "fullTitle": "Database Acess Getting table data from a Mysql database",
              "timedOut": null,
              "duration": 180,
              "state": "passed",
              "speed": "slow",
              "pass": true,
              "fail": false,
              "pending": false,
              "context": null,
              "code": "cy.task('queryDb', 'SELECT * FROM categorias').then(function (res) {\n  res.forEach(function (categoria) {\n    return cy.log(\"C\\xF3digo: \".concat(categoria.id, \" | Nome: \").concat(categoria.nome));\n  });\n});",
              "err": {},
              "uuid": "8fb97700-3849-48e3-b8ec-73f1e90ca091",
              "parentUUID": "4330f8ea-7e41-40a5-a67d-fc3f271b0670",
              "isHook": false,
              "skipped": false
            }
          ],
          "suites": [],
          "passes": [
            "8fb97700-3849-48e3-b8ec-73f1e90ca091"
          ],
          "failures": [],
          "pending": [],
          "skipped": [],
          "duration": 180,
          "root": false,
          "rootEmpty": false,
          "_timeout": 2000
        }
      ],
      "passes": [],
      "failures": [],
      "pending": [],
      "skipped": [],
      "duration": 0,
      "root": true,
      "rootEmpty": true,
      "_timeout": 2000
    }
  ],
  "meta": {
    "mocha": {
      "version": "7.0.1"
    },
    "mochawesome": {
      "options": {
        "quiet": false,
        "reportFilename": "mochawesome",
        "saveHtml": false,
        "saveJson": true,
        "consoleReporter": "spec",
        "useInlineDiffs": false,
        "code": true
      },
      "version": "6.2.1"
    },
    "marge": {
      "options": {
        "id": "default",
        "reportDir": "cypress/reports/mocha",
        "quite": true,
        "overwrite": false,
        "html": false,
        "json": true
      },
      "version": "5.1.0"
    }
  }
}