{
  "stats": {
    "suites": 1,
    "tests": 2,
    "passes": 2,
    "pending": 0,
    "failures": 0,
    "start": "2021-01-10T15:21:53.042Z",
    "end": "2021-01-10T15:21:57.773Z",
    "duration": 4731,
    "testsRegistered": 2,
    "passPercent": 100,
    "pendingPercent": 0,
    "other": 0,
    "hasOther": false,
    "skipped": 0,
    "hasSkipped": false
  },
  "results": [
    {
      "uuid": "4e1298bd-4156-48d0-93b4-91f704af01aa",
      "title": "",
      "fullFile": "cypress\\tests\\sign in\\login.spec.js",
      "file": "cypress\\tests\\sign in\\login.spec.js",
      "beforeHooks": [],
      "afterHooks": [],
      "tests": [],
      "suites": [
        {
          "uuid": "1146073b-3b69-4f09-862a-b15058f99e9e",
          "title": "Sign in",
          "fullFile": "",
          "file": "",
          "beforeHooks": [],
          "afterHooks": [],
          "tests": [
            {
              "title": "login successfully",
              "fullTitle": "Sign in login successfully",
              "timedOut": null,
              "duration": 3091,
              "state": "passed",
              "speed": "slow",
              "pass": true,
              "fail": false,
              "pending": false,
              "context": null,
              "code": "cy.gui_login(Cypress.env('username'), Cypress.env('password'));\ncy.url().should('to.be.equal', Cypress.config().baseUrl.concat('/'));",
              "err": {},
              "uuid": "c1889cf7-94d9-497c-870e-4c0b5843ec08",
              "parentUUID": "1146073b-3b69-4f09-862a-b15058f99e9e",
              "isHook": false,
              "skipped": false
            },
            {
              "title": "invalid credentials",
              "fullTitle": "Sign in invalid credentials",
              "timedOut": null,
              "duration": 1522,
              "state": "passed",
              "speed": "slow",
              "pass": true,
              "fail": false,
              "pending": false,
              "context": null,
              "code": "cy.gui_login(Cypress.env('username'), faker.internet.password(8));\ncy.gui_verificar_mensagem(_locators[\"default\"].LOGIN.DIV_ERROR_MSG, _mensagens[\"default\"].LOGIN.INCORRECT_USERNAME_AND_PASSWORD);",
              "err": {},
              "uuid": "4b944dc6-def8-4b4a-b900-e476c979d64b",
              "parentUUID": "1146073b-3b69-4f09-862a-b15058f99e9e",
              "isHook": false,
              "skipped": false
            }
          ],
          "suites": [],
          "passes": [
            "c1889cf7-94d9-497c-870e-4c0b5843ec08",
            "4b944dc6-def8-4b4a-b900-e476c979d64b"
          ],
          "failures": [],
          "pending": [],
          "skipped": [],
          "duration": 4613,
          "root": false,
          "rootEmpty": false,
          "_timeout": 2000
        }
      ],
      "passes": [],
      "failures": [],
      "pending": [],
      "skipped": [],
      "duration": 0,
      "root": true,
      "rootEmpty": true,
      "_timeout": 2000
    }
  ],
  "meta": {
    "mocha": {
      "version": "7.0.1"
    },
    "mochawesome": {
      "options": {
        "quiet": false,
        "reportFilename": "mochawesome",
        "saveHtml": false,
        "saveJson": true,
        "consoleReporter": "spec",
        "useInlineDiffs": false,
        "code": true
      },
      "version": "6.2.1"
    },
    "marge": {
      "options": {
        "id": "default",
        "reportDir": "cypress/reports/mocha",
        "quite": true,
        "overwrite": false,
        "html": false,
        "json": true
      },
      "version": "5.1.0"
    }
  }
}