{
  "stats": {
    "suites": 1,
    "tests": 2,
    "passes": 2,
    "pending": 0,
    "failures": 0,
    "start": "2021-01-10T15:21:12.649Z",
    "end": "2021-01-10T15:21:24.323Z",
    "duration": 11674,
    "testsRegistered": 2,
    "passPercent": 100,
    "pendingPercent": 0,
    "other": 0,
    "hasOther": false,
    "skipped": 0,
    "hasSkipped": false
  },
  "results": [
    {
      "uuid": "a444856c-e363-4f24-9f35-521d3c9f20ed",
      "title": "",
      "fullFile": "cypress\\tests\\helpers\\promises.spec.js",
      "file": "cypress\\tests\\helpers\\promises.spec.js",
      "beforeHooks": [],
      "afterHooks": [],
      "tests": [],
      "suites": [
        {
          "uuid": "e7085f75-73d7-4eef-b693-e26448661cf4",
          "title": "Promises",
          "fullFile": "",
          "file": "",
          "beforeHooks": [],
          "afterHooks": [],
          "tests": [
            {
              "title": "Promise without wrap",
              "fullTitle": "Promises Promise without wrap",
              "timedOut": null,
              "duration": 3550,
              "state": "passed",
              "speed": "slow",
              "pass": true,
              "fail": false,
              "pending": false,
              "context": null,
              "code": "cy.visit('www.google.com');\ncy.get(btnPesquisaGoogle).then(function () {\n  return console.log('CT001: Primeiro');\n}); // Simulates a query to a database that takes a while to process.\ndb.cleanDB().then(function (res) {\n  return console.log('CT001: Resultado da promise SEM wrap: ', res);\n});\ncy.get(btnPesquisaGoogle).then(function () {\n  return console.log('CT001: Segundo\\n\\n');\n});",
              "err": {},
              "uuid": "68be6455-ed93-41fe-bfc1-6de57e466780",
              "parentUUID": "e7085f75-73d7-4eef-b693-e26448661cf4",
              "isHook": false,
              "skipped": false
            },
            {
              "title": "Promise with wrap",
              "fullTitle": "Promises Promise with wrap",
              "timedOut": null,
              "duration": 5042,
              "state": "passed",
              "speed": "slow",
              "pass": true,
              "fail": false,
              "pending": false,
              "context": null,
              "code": "cy.visit('www.google.com');\ncy.get(btnPesquisaGoogle).then(function () {\n  return console.log('CT002: Primeiro');\n}); // Simulates a query to a database that takes a while to process.\ncy.wrap(db.cleanDB()).then(function (res) {\n  return console.log('CT002: Resultado da promise COM wrap: ', res);\n});\ncy.get(btnPesquisaGoogle).then(function () {\n  return console.log('CT002: Segundo');\n});",
              "err": {},
              "uuid": "a6b8eaeb-284c-4371-85d2-8d8c2609587b",
              "parentUUID": "e7085f75-73d7-4eef-b693-e26448661cf4",
              "isHook": false,
              "skipped": false
            }
          ],
          "suites": [],
          "passes": [
            "68be6455-ed93-41fe-bfc1-6de57e466780",
            "a6b8eaeb-284c-4371-85d2-8d8c2609587b"
          ],
          "failures": [],
          "pending": [],
          "skipped": [],
          "duration": 8592,
          "root": false,
          "rootEmpty": false,
          "_timeout": 2000
        }
      ],
      "passes": [],
      "failures": [],
      "pending": [],
      "skipped": [],
      "duration": 0,
      "root": true,
      "rootEmpty": true,
      "_timeout": 2000
    }
  ],
  "meta": {
    "mocha": {
      "version": "7.0.1"
    },
    "mochawesome": {
      "options": {
        "quiet": false,
        "reportFilename": "mochawesome",
        "saveHtml": false,
        "saveJson": true,
        "consoleReporter": "spec",
        "useInlineDiffs": false,
        "code": true
      },
      "version": "6.2.1"
    },
    "marge": {
      "options": {
        "id": "default",
        "reportDir": "cypress/reports/mocha",
        "quite": true,
        "overwrite": false,
        "html": false,
        "json": true
      },
      "version": "5.1.0"
    }
  }
}