{
  "stats": {
    "suites": 4,
    "tests": 7,
    "passes": 7,
    "pending": 0,
    "failures": 0,
    "start": "2021-01-10T15:21:10.893Z",
    "end": "2021-01-10T15:21:57.773Z",
    "duration": 32904,
    "testsRegistered": 7,
    "passPercent": 100,
    "pendingPercent": 0,
    "other": 0,
    "hasOther": false,
    "skipped": 0,
    "hasSkipped": false
  },
  "results": [
    {
      "uuid": "a444856c-e363-4f24-9f35-521d3c9f20ed",
      "title": "",
      "fullFile": "cypress\\tests\\helpers\\promises.spec.js",
      "file": "cypress\\tests\\helpers\\promises.spec.js",
      "beforeHooks": [],
      "afterHooks": [],
      "tests": [],
      "suites": [
        {
          "uuid": "e7085f75-73d7-4eef-b693-e26448661cf4",
          "title": "Promises",
          "fullFile": "",
          "file": "",
          "beforeHooks": [],
          "afterHooks": [],
          "tests": [
            {
              "title": "Promise without wrap",
              "fullTitle": "Promises Promise without wrap",
              "timedOut": null,
              "duration": 3550,
              "state": "passed",
              "speed": "slow",
              "pass": true,
              "fail": false,
              "pending": false,
              "context": null,
              "code": "cy.visit('www.google.com');\ncy.get(btnPesquisaGoogle).then(function () {\n  return console.log('CT001: Primeiro');\n}); // Simulates a query to a database that takes a while to process.\ndb.cleanDB().then(function (res) {\n  return console.log('CT001: Resultado da promise SEM wrap: ', res);\n});\ncy.get(btnPesquisaGoogle).then(function () {\n  return console.log('CT001: Segundo\\n\\n');\n});",
              "err": {},
              "uuid": "68be6455-ed93-41fe-bfc1-6de57e466780",
              "parentUUID": "e7085f75-73d7-4eef-b693-e26448661cf4",
              "isHook": false,
              "skipped": false
            },
            {
              "title": "Promise with wrap",
              "fullTitle": "Promises Promise with wrap",
              "timedOut": null,
              "duration": 5042,
              "state": "passed",
              "speed": "slow",
              "pass": true,
              "fail": false,
              "pending": false,
              "context": null,
              "code": "cy.visit('www.google.com');\ncy.get(btnPesquisaGoogle).then(function () {\n  return console.log('CT002: Primeiro');\n}); // Simulates a query to a database that takes a while to process.\ncy.wrap(db.cleanDB()).then(function (res) {\n  return console.log('CT002: Resultado da promise COM wrap: ', res);\n});\ncy.get(btnPesquisaGoogle).then(function () {\n  return console.log('CT002: Segundo');\n});",
              "err": {},
              "uuid": "a6b8eaeb-284c-4371-85d2-8d8c2609587b",
              "parentUUID": "e7085f75-73d7-4eef-b693-e26448661cf4",
              "isHook": false,
              "skipped": false
            }
          ],
          "suites": [],
          "passes": [
            "68be6455-ed93-41fe-bfc1-6de57e466780",
            "a6b8eaeb-284c-4371-85d2-8d8c2609587b"
          ],
          "failures": [],
          "pending": [],
          "skipped": [],
          "duration": 8592,
          "root": false,
          "rootEmpty": false,
          "_timeout": 2000
        }
      ],
      "passes": [],
      "failures": [],
      "pending": [],
      "skipped": [],
      "duration": 0,
      "root": true,
      "rootEmpty": true,
      "_timeout": 2000
    },
    {
      "uuid": "b04d8b5b-5e31-4a33-9abe-11a18399b301",
      "title": "",
      "fullFile": "cypress\\tests\\repositories\\repository.spec.js",
      "file": "cypress\\tests\\repositories\\repository.spec.js",
      "beforeHooks": [],
      "afterHooks": [],
      "tests": [],
      "suites": [
        {
          "uuid": "0c6d8395-61ce-434f-b910-80cf171da168",
          "title": "Repositories",
          "fullFile": "",
          "file": "",
          "beforeHooks": [],
          "afterHooks": [],
          "tests": [
            {
              "title": "create a new repository",
              "fullTitle": "Repositories create a new repository",
              "timedOut": null,
              "duration": 9000,
              "state": "passed",
              "speed": "slow",
              "pass": true,
              "fail": false,
              "pending": false,
              "context": null,
              "code": "var fakerRepositoryName = faker.name.jobTitle();\ncy.gui_clicar(_locators[\"default\"].ASIDE_BAR.BTN_NEW_REPOSITORY);\ncy.gui_preencher_campo(_locators[\"default\"].FORM_NEW_REPOSITORY.IPT_REPOSITORY_NAME, fakerRepositoryName);\ncy.gui_preencher_campo(_locators[\"default\"].FORM_NEW_REPOSITORY.IPT_DESCRIPTION, faker.lorem.sentence(4));\ncy.gui_clicar(_locators[\"default\"].FORM_NEW_REPOSITORY.BTN_CREATE_REPOSITORY);\nvar newUrl = Cypress.config().baseUrl.concat('/').concat(Cypress.env('username')).concat('/').concat(fakerRepositoryName.split(' ').join('-'));\ncy.url().should('to.be.equal', newUrl);",
              "err": {},
              "uuid": "19434d5a-fc98-41ad-9cbf-76144beadc53",
              "parentUUID": "0c6d8395-61ce-434f-b910-80cf171da168",
              "isHook": false,
              "skipped": false
            },
            {
              "title": "create an issue",
              "fullTitle": "Repositories create an issue",
              "timedOut": null,
              "duration": 10519,
              "state": "passed",
              "speed": "slow",
              "pass": true,
              "fail": false,
              "pending": false,
              "context": null,
              "code": "cy.visit(\"/\".concat(Cypress.env('username'), \"?tab=repositories\"));\nvar issueTitle = faker.name.title();\ncy.gui_clicar(_locators[\"default\"].REPOSITORY_LIST.FIRST_REPOSITORY_FOUNDED);\ncy.gui_clicar(_locators[\"default\"].NAV_BAR.FN_FIND_LI_BY_DESCRIPTION('Issues'));\ncy.gui_clicar(_locators[\"default\"].ISSUES.BTN_NEW_ISSUE);\ncy.gui_preencher_campo('#issue_title', issueTitle);\ncy.gui_preencher_campo('#issue_body', faker.lorem.sentence(5));\ncy.gui_clicar(_locators[\"default\"].ISSUES.BTN_SUBMIT_ISSUE);\ncy.gui_verificar_mensagem(_locators[\"default\"].ISSUES.H1_TITLE, issueTitle);",
              "err": {},
              "uuid": "e97b4337-1c31-4695-9688-bf85b31b9874",
              "parentUUID": "0c6d8395-61ce-434f-b910-80cf171da168",
              "isHook": false,
              "skipped": false
            }
          ],
          "suites": [],
          "passes": [
            "19434d5a-fc98-41ad-9cbf-76144beadc53",
            "e97b4337-1c31-4695-9688-bf85b31b9874"
          ],
          "failures": [],
          "pending": [],
          "skipped": [],
          "duration": 19519,
          "root": false,
          "rootEmpty": false,
          "_timeout": 2000
        }
      ],
      "passes": [],
      "failures": [],
      "pending": [],
      "skipped": [],
      "duration": 0,
      "root": true,
      "rootEmpty": true,
      "_timeout": 2000
    },
    {
      "uuid": "4e1298bd-4156-48d0-93b4-91f704af01aa",
      "title": "",
      "fullFile": "cypress\\tests\\sign in\\login.spec.js",
      "file": "cypress\\tests\\sign in\\login.spec.js",
      "beforeHooks": [],
      "afterHooks": [],
      "tests": [],
      "suites": [
        {
          "uuid": "1146073b-3b69-4f09-862a-b15058f99e9e",
          "title": "Sign in",
          "fullFile": "",
          "file": "",
          "beforeHooks": [],
          "afterHooks": [],
          "tests": [
            {
              "title": "login successfully",
              "fullTitle": "Sign in login successfully",
              "timedOut": null,
              "duration": 3091,
              "state": "passed",
              "speed": "slow",
              "pass": true,
              "fail": false,
              "pending": false,
              "context": null,
              "code": "cy.gui_login(Cypress.env('username'), Cypress.env('password'));\ncy.url().should('to.be.equal', Cypress.config().baseUrl.concat('/'));",
              "err": {},
              "uuid": "c1889cf7-94d9-497c-870e-4c0b5843ec08",
              "parentUUID": "1146073b-3b69-4f09-862a-b15058f99e9e",
              "isHook": false,
              "skipped": false
            },
            {
              "title": "invalid credentials",
              "fullTitle": "Sign in invalid credentials",
              "timedOut": null,
              "duration": 1522,
              "state": "passed",
              "speed": "slow",
              "pass": true,
              "fail": false,
              "pending": false,
              "context": null,
              "code": "cy.gui_login(Cypress.env('username'), faker.internet.password(8));\ncy.gui_verificar_mensagem(_locators[\"default\"].LOGIN.DIV_ERROR_MSG, _mensagens[\"default\"].LOGIN.INCORRECT_USERNAME_AND_PASSWORD);",
              "err": {},
              "uuid": "4b944dc6-def8-4b4a-b900-e476c979d64b",
              "parentUUID": "1146073b-3b69-4f09-862a-b15058f99e9e",
              "isHook": false,
              "skipped": false
            }
          ],
          "suites": [],
          "passes": [
            "c1889cf7-94d9-497c-870e-4c0b5843ec08",
            "4b944dc6-def8-4b4a-b900-e476c979d64b"
          ],
          "failures": [],
          "pending": [],
          "skipped": [],
          "duration": 4613,
          "root": false,
          "rootEmpty": false,
          "_timeout": 2000
        }
      ],
      "passes": [],
      "failures": [],
      "pending": [],
      "skipped": [],
      "duration": 0,
      "root": true,
      "rootEmpty": true,
      "_timeout": 2000
    },
    {
      "uuid": "a41d1cd1-d27b-459e-882e-148bb861d64f",
      "title": "",
      "fullFile": "cypress\\tests\\helpers\\database-access.spec.js",
      "file": "cypress\\tests\\helpers\\database-access.spec.js",
      "beforeHooks": [],
      "afterHooks": [],
      "tests": [],
      "suites": [
        {
          "uuid": "4330f8ea-7e41-40a5-a67d-fc3f271b0670",
          "title": "Database Acess",
          "fullFile": "",
          "file": "",
          "beforeHooks": [],
          "afterHooks": [],
          "tests": [
            {
              "title": "Getting table data from a Mysql database",
              "fullTitle": "Database Acess Getting table data from a Mysql database",
              "timedOut": null,
              "duration": 180,
              "state": "passed",
              "speed": "slow",
              "pass": true,
              "fail": false,
              "pending": false,
              "context": null,
              "code": "cy.task('queryDb', 'SELECT * FROM categorias').then(function (res) {\n  res.forEach(function (categoria) {\n    return cy.log(\"C\\xF3digo: \".concat(categoria.id, \" | Nome: \").concat(categoria.nome));\n  });\n});",
              "err": {},
              "uuid": "8fb97700-3849-48e3-b8ec-73f1e90ca091",
              "parentUUID": "4330f8ea-7e41-40a5-a67d-fc3f271b0670",
              "isHook": false,
              "skipped": false
            }
          ],
          "suites": [],
          "passes": [
            "8fb97700-3849-48e3-b8ec-73f1e90ca091"
          ],
          "failures": [],
          "pending": [],
          "skipped": [],
          "duration": 180,
          "root": false,
          "rootEmpty": false,
          "_timeout": 2000
        }
      ],
      "passes": [],
      "failures": [],
      "pending": [],
      "skipped": [],
      "duration": 0,
      "root": true,
      "rootEmpty": true,
      "_timeout": 2000
    }
  ],
  "meta": {
    "mocha": {
      "version": "7.0.1"
    },
    "mochawesome": {
      "options": {
        "quiet": false,
        "reportFilename": "mochawesome",
        "saveHtml": false,
        "saveJson": true,
        "consoleReporter": "spec",
        "useInlineDiffs": false,
        "code": true
      },
      "version": "6.2.1"
    },
    "marge": {
      "options": {
        "id": "default",
        "reportDir": "cypress/reports/mocha",
        "quite": true,
        "overwrite": false,
        "html": false,
        "json": true
      },
      "version": "5.1.0"
    }
  }
}